<?xml version="1.0" encoding="UTF-8"?>
<coverage generated="1758862392">
  <project timestamp="1758862392">
    <file name="/mnt/c/work/php-lib-composer/wialon-parser/src/WialonParser.php">
      <class name="Wialon\Combine\WialonParser" namespace="global">
        <metrics complexity="92" methods="25" coveredmethods="9" conditionals="0" coveredconditionals="0" statements="346" coveredstatements="166" elements="371" coveredelements="175"/>
      </class>
      <line num="27" type="method" name="__construct" visibility="public" complexity="1" crap="1" count="1"/>
      <line num="29" type="stmt" count="1"/>
      <line num="30" type="stmt" count="1"/>
      <line num="38" type="method" name="readExampleFile" visibility="public" complexity="2" crap="6" count="0"/>
      <line num="40" type="stmt" count="0"/>
      <line num="41" type="stmt" count="0"/>
      <line num="44" type="stmt" count="0"/>
      <line num="45" type="stmt" count="0"/>
      <line num="47" type="stmt" count="0"/>
      <line num="55" type="method" name="hexToBinary" visibility="private" complexity="3" crap="3.03" count="1"/>
      <line num="57" type="stmt" count="1"/>
      <line num="58" type="stmt" count="1"/>
      <line num="59" type="stmt" count="0"/>
      <line num="62" type="stmt" count="1"/>
      <line num="63" type="stmt" count="1"/>
      <line num="64" type="stmt" count="1"/>
      <line num="67" type="stmt" count="1"/>
      <line num="74" type="method" name="setData" visibility="public" complexity="1" crap="1" count="1"/>
      <line num="76" type="stmt" count="1"/>
      <line num="77" type="stmt" count="1"/>
      <line num="84" type="method" name="readByte" visibility="private" complexity="2" crap="2.15" count="1"/>
      <line num="86" type="stmt" count="1"/>
      <line num="87" type="stmt" count="0"/>
      <line num="89" type="stmt" count="1"/>
      <line num="96" type="method" name="readShort" visibility="private" complexity="1" crap="1" count="1"/>
      <line num="98" type="stmt" count="1"/>
      <line num="99" type="stmt" count="1"/>
      <line num="100" type="stmt" count="1"/>
      <line num="107" type="method" name="readInt" visibility="private" complexity="1" crap="1" count="1"/>
      <line num="109" type="stmt" count="1"/>
      <line num="110" type="stmt" count="1"/>
      <line num="111" type="stmt" count="1"/>
      <line num="112" type="stmt" count="1"/>
      <line num="113" type="stmt" count="1"/>
      <line num="120" type="method" name="readLong" visibility="private" complexity="1" crap="2" count="0"/>
      <line num="122" type="stmt" count="0"/>
      <line num="123" type="stmt" count="0"/>
      <line num="124" type="stmt" count="0"/>
      <line num="131" type="method" name="readString" visibility="private" complexity="3" crap="12" count="0"/>
      <line num="133" type="stmt" count="0"/>
      <line num="134" type="stmt" count="0"/>
      <line num="135" type="stmt" count="0"/>
      <line num="136" type="stmt" count="0"/>
      <line num="137" type="stmt" count="0"/>
      <line num="139" type="stmt" count="0"/>
      <line num="141" type="stmt" count="0"/>
      <line num="148" type="method" name="readExtendedField" visibility="private" complexity="2" crap="2" count="1"/>
      <line num="150" type="stmt" count="1"/>
      <line num="151" type="stmt" count="1"/>
      <line num="153" type="stmt" count="1"/>
      <line num="154" type="stmt" count="1"/>
      <line num="156" type="stmt" count="1"/>
      <line num="163" type="method" name="readExtendedField2" visibility="private" complexity="2" crap="2.26" count="1"/>
      <line num="165" type="stmt" count="1"/>
      <line num="166" type="stmt" count="1"/>
      <line num="168" type="stmt" count="0"/>
      <line num="169" type="stmt" count="0"/>
      <line num="171" type="stmt" count="1"/>
      <line num="179" type="method" name="calculateCRC16" visibility="private" complexity="4" crap="20" count="0"/>
      <line num="181" type="stmt" count="0"/>
      <line num="182" type="stmt" count="0"/>
      <line num="183" type="stmt" count="0"/>
      <line num="184" type="stmt" count="0"/>
      <line num="185" type="stmt" count="0"/>
      <line num="186" type="stmt" count="0"/>
      <line num="188" type="stmt" count="0"/>
      <line num="192" type="stmt" count="0"/>
      <line num="199" type="method" name="parseLoginPacket" visibility="private" complexity="10" crap="110" count="0"/>
      <line num="201" type="stmt" count="0"/>
      <line num="202" type="stmt" count="0"/>
      <line num="203" type="stmt" count="0"/>
      <line num="204" type="stmt" count="0"/>
      <line num="205" type="stmt" count="0"/>
      <line num="206" type="stmt" count="0"/>
      <line num="207" type="stmt" count="0"/>
      <line num="210" type="stmt" count="0"/>
      <line num="212" type="stmt" count="0"/>
      <line num="213" type="stmt" count="0"/>
      <line num="214" type="stmt" count="0"/>
      <line num="215" type="stmt" count="0"/>
      <line num="216" type="stmt" count="0"/>
      <line num="217" type="stmt" count="0"/>
      <line num="218" type="stmt" count="0"/>
      <line num="219" type="stmt" count="0"/>
      <line num="220" type="stmt" count="0"/>
      <line num="221" type="stmt" count="0"/>
      <line num="222" type="stmt" count="0"/>
      <line num="223" type="stmt" count="0"/>
      <line num="227" type="stmt" count="0"/>
      <line num="229" type="stmt" count="0"/>
      <line num="230" type="stmt" count="0"/>
      <line num="231" type="stmt" count="0"/>
      <line num="232" type="stmt" count="0"/>
      <line num="233" type="stmt" count="0"/>
      <line num="234" type="stmt" count="0"/>
      <line num="235" type="stmt" count="0"/>
      <line num="236" type="stmt" count="0"/>
      <line num="237" type="stmt" count="0"/>
      <line num="238" type="stmt" count="0"/>
      <line num="239" type="stmt" count="0"/>
      <line num="240" type="stmt" count="0"/>
      <line num="241" type="stmt" count="0"/>
      <line num="242" type="stmt" count="0"/>
      <line num="245" type="stmt" count="0"/>
      <line num="253" type="method" name="parseDataPacket" visibility="private" complexity="3" crap="3" count="1"/>
      <line num="255" type="stmt" count="1"/>
      <line num="256" type="stmt" count="1"/>
      <line num="257" type="stmt" count="1"/>
      <line num="258" type="stmt" count="1"/>
      <line num="260" type="stmt" count="1"/>
      <line num="262" type="stmt" count="1"/>
      <line num="263" type="stmt" count="1"/>
      <line num="264" type="stmt" count="1"/>
      <line num="265" type="stmt" count="1"/>
      <line num="266" type="stmt" count="1"/>
      <line num="267" type="stmt" count="1"/>
      <line num="269" type="stmt" count="1"/>
      <line num="270" type="stmt" count="1"/>
      <line num="271" type="stmt" count="1"/>
      <line num="272" type="stmt" count="1"/>
      <line num="275" type="stmt" count="1"/>
      <line num="278" type="stmt" count="1"/>
      <line num="286" type="method" name="parseSubrecord" visibility="private" complexity="6" crap="12.17" count="1"/>
      <line num="289" type="stmt" count="1"/>
      <line num="290" type="stmt" count="1"/>
      <line num="291" type="stmt" count="1"/>
      <line num="292" type="stmt" count="1"/>
      <line num="293" type="stmt" count="0"/>
      <line num="294" type="stmt" count="0"/>
      <line num="295" type="stmt" count="0"/>
      <line num="296" type="stmt" count="0"/>
      <line num="298" type="stmt" count="0"/>
      <line num="306" type="method" name="parseCustomParameters" visibility="private" complexity="18" crap="49.85" count="1"/>
      <line num="308" type="stmt" count="1"/>
      <line num="309" type="stmt" count="1"/>
      <line num="310" type="stmt" count="1"/>
      <line num="311" type="stmt" count="1"/>
      <line num="312" type="stmt" count="1"/>
      <line num="314" type="stmt" count="1"/>
      <line num="315" type="stmt" count="1"/>
      <line num="316" type="stmt" count="1"/>
      <line num="317" type="stmt" count="1"/>
      <line num="318" type="stmt" count="1"/>
      <line num="319" type="stmt" count="1"/>
      <line num="320" type="stmt" count="1"/>
      <line num="323" type="stmt" count="1"/>
      <line num="324" type="stmt" count="1"/>
      <line num="327" type="stmt" count="1"/>
      <line num="328" type="stmt" count="1"/>
      <line num="329" type="stmt" count="1"/>
      <line num="330" type="stmt" count="1"/>
      <line num="331" type="stmt" count="1"/>
      <line num="332" type="stmt" count="0"/>
      <line num="333" type="stmt" count="0"/>
      <line num="334" type="stmt" count="0"/>
      <line num="335" type="stmt" count="1"/>
      <line num="336" type="stmt" count="1"/>
      <line num="337" type="stmt" count="1"/>
      <line num="338" type="stmt" count="1"/>
      <line num="339" type="stmt" count="1"/>
      <line num="340" type="stmt" count="0"/>
      <line num="341" type="stmt" count="0"/>
      <line num="342" type="stmt" count="0"/>
      <line num="343" type="stmt" count="1"/>
      <line num="344" type="stmt" count="0"/>
      <line num="345" type="stmt" count="0"/>
      <line num="346" type="stmt" count="0"/>
      <line num="347" type="stmt" count="0"/>
      <line num="348" type="stmt" count="1"/>
      <line num="349" type="stmt" count="0"/>
      <line num="350" type="stmt" count="0"/>
      <line num="351" type="stmt" count="0"/>
      <line num="352" type="stmt" count="0"/>
      <line num="353" type="stmt" count="1"/>
      <line num="354" type="stmt" count="0"/>
      <line num="355" type="stmt" count="0"/>
      <line num="356" type="stmt" count="0"/>
      <line num="357" type="stmt" count="0"/>
      <line num="358" type="stmt" count="1"/>
      <line num="359" type="stmt" count="0"/>
      <line num="360" type="stmt" count="0"/>
      <line num="361" type="stmt" count="0"/>
      <line num="362" type="stmt" count="1"/>
      <line num="363" type="stmt" count="1"/>
      <line num="364" type="stmt" count="1"/>
      <line num="365" type="stmt" count="1"/>
      <line num="366" type="stmt" count="0"/>
      <line num="367" type="stmt" count="0"/>
      <line num="368" type="stmt" count="0"/>
      <line num="369" type="stmt" count="0"/>
      <line num="370" type="stmt" count="0"/>
      <line num="371" type="stmt" count="0"/>
      <line num="372" type="stmt" count="0"/>
      <line num="373" type="stmt" count="0"/>
      <line num="377" type="stmt" count="1"/>
      <line num="378" type="stmt" count="0"/>
      <line num="381" type="stmt" count="1"/>
      <line num="384" type="stmt" count="1"/>
      <line num="391" type="method" name="parsePositionData" visibility="private" complexity="1" crap="1" count="1"/>
      <line num="393" type="stmt" count="1"/>
      <line num="394" type="stmt" count="1"/>
      <line num="395" type="stmt" count="1"/>
      <line num="396" type="stmt" count="1"/>
      <line num="397" type="stmt" count="1"/>
      <line num="398" type="stmt" count="1"/>
      <line num="399" type="stmt" count="1"/>
      <line num="400" type="stmt" count="1"/>
      <line num="401" type="stmt" count="1"/>
      <line num="402" type="stmt" count="1"/>
      <line num="409" type="method" name="parsePicture" visibility="private" complexity="1" crap="2" count="0"/>
      <line num="411" type="stmt" count="0"/>
      <line num="412" type="stmt" count="0"/>
      <line num="413" type="stmt" count="0"/>
      <line num="414" type="stmt" count="0"/>
      <line num="416" type="stmt" count="0"/>
      <line num="417" type="stmt" count="0"/>
      <line num="418" type="stmt" count="0"/>
      <line num="419" type="stmt" count="0"/>
      <line num="420" type="stmt" count="0"/>
      <line num="421" type="stmt" count="0"/>
      <line num="422" type="stmt" count="0"/>
      <line num="423" type="stmt" count="0"/>
      <line num="425" type="stmt" count="0"/>
      <line num="432" type="method" name="parseLBSParameters" visibility="private" complexity="2" crap="6" count="0"/>
      <line num="434" type="stmt" count="0"/>
      <line num="435" type="stmt" count="0"/>
      <line num="436" type="stmt" count="0"/>
      <line num="437" type="stmt" count="0"/>
      <line num="438" type="stmt" count="0"/>
      <line num="440" type="stmt" count="0"/>
      <line num="441" type="stmt" count="0"/>
      <line num="442" type="stmt" count="0"/>
      <line num="443" type="stmt" count="0"/>
      <line num="444" type="stmt" count="0"/>
      <line num="445" type="stmt" count="0"/>
      <line num="446" type="stmt" count="0"/>
      <line num="447" type="stmt" count="0"/>
      <line num="448" type="stmt" count="0"/>
      <line num="451" type="stmt" count="0"/>
      <line num="459" type="method" name="readBytes" visibility="private" complexity="2" crap="2.03" count="1"/>
      <line num="461" type="stmt" count="1"/>
      <line num="462" type="stmt" count="0"/>
      <line num="465" type="stmt" count="1"/>
      <line num="466" type="stmt" count="1"/>
      <line num="467" type="stmt" count="1"/>
      <line num="476" type="method" name="generateServerResponse" visibility="public" complexity="1" crap="1" count="1"/>
      <line num="478" type="stmt" count="1"/>
      <line num="479" type="stmt" count="1"/>
      <line num="480" type="stmt" count="1"/>
      <line num="481" type="stmt" count="1"/>
      <line num="482" type="stmt" count="1"/>
      <line num="483" type="stmt" count="1"/>
      <line num="491" type="method" name="getResponseDescription" visibility="private" complexity="2" crap="2" count="1"/>
      <line num="493" type="stmt" count="1"/>
      <line num="494" type="stmt" count="1"/>
      <line num="495" type="stmt" count="1"/>
      <line num="496" type="stmt" count="1"/>
      <line num="497" type="stmt" count="1"/>
      <line num="498" type="stmt" count="1"/>
      <line num="499" type="stmt" count="1"/>
      <line num="500" type="stmt" count="1"/>
      <line num="502" type="stmt" count="1"/>
      <line num="510" type="method" name="convertToRecords" visibility="private" complexity="13" crap="41.12" count="1"/>
      <line num="512" type="stmt" count="1"/>
      <line num="514" type="stmt" count="1"/>
      <line num="515" type="stmt" count="1"/>
      <line num="516" type="stmt" count="1"/>
      <line num="517" type="stmt" count="1"/>
      <line num="518" type="stmt" count="1"/>
      <line num="519" type="stmt" count="1"/>
      <line num="520" type="stmt" count="1"/>
      <line num="521" type="stmt" count="1"/>
      <line num="522" type="stmt" count="1"/>
      <line num="523" type="stmt" count="1"/>
      <line num="524" type="stmt" count="1"/>
      <line num="525" type="stmt" count="1"/>
      <line num="526" type="stmt" count="1"/>
      <line num="527" type="stmt" count="1"/>
      <line num="528" type="stmt" count="1"/>
      <line num="529" type="stmt" count="1"/>
      <line num="530" type="stmt" count="1"/>
      <line num="531" type="stmt" count="1"/>
      <line num="532" type="stmt" count="1"/>
      <line num="533" type="stmt" count="1"/>
      <line num="534" type="stmt" count="1"/>
      <line num="535" type="stmt" count="1"/>
      <line num="536" type="stmt" count="1"/>
      <line num="537" type="stmt" count="1"/>
      <line num="538" type="stmt" count="1"/>
      <line num="540" type="stmt" count="0"/>
      <line num="541" type="stmt" count="0"/>
      <line num="542" type="stmt" count="0"/>
      <line num="543" type="stmt" count="0"/>
      <line num="544" type="stmt" count="0"/>
      <line num="545" type="stmt" count="0"/>
      <line num="546" type="stmt" count="0"/>
      <line num="547" type="stmt" count="0"/>
      <line num="548" type="stmt" count="0"/>
      <line num="549" type="stmt" count="0"/>
      <line num="550" type="stmt" count="0"/>
      <line num="551" type="stmt" count="0"/>
      <line num="552" type="stmt" count="0"/>
      <line num="553" type="stmt" count="0"/>
      <line num="554" type="stmt" count="0"/>
      <line num="555" type="stmt" count="0"/>
      <line num="556" type="stmt" count="0"/>
      <line num="557" type="stmt" count="0"/>
      <line num="558" type="stmt" count="0"/>
      <line num="559" type="stmt" count="0"/>
      <line num="560" type="stmt" count="0"/>
      <line num="565" type="stmt" count="0"/>
      <line num="566" type="stmt" count="0"/>
      <line num="567" type="stmt" count="0"/>
      <line num="568" type="stmt" count="0"/>
      <line num="569" type="stmt" count="0"/>
      <line num="570" type="stmt" count="0"/>
      <line num="571" type="stmt" count="0"/>
      <line num="572" type="stmt" count="0"/>
      <line num="573" type="stmt" count="0"/>
      <line num="574" type="stmt" count="0"/>
      <line num="575" type="stmt" count="0"/>
      <line num="576" type="stmt" count="0"/>
      <line num="579" type="stmt" count="1"/>
      <line num="586" type="method" name="parse" visibility="public" complexity="9" crap="14.01" count="1"/>
      <line num="588" type="stmt" count="1"/>
      <line num="589" type="stmt" count="0"/>
      <line num="592" type="stmt" count="1"/>
      <line num="595" type="stmt" count="1"/>
      <line num="596" type="stmt" count="1"/>
      <line num="597" type="stmt" count="0"/>
      <line num="600" type="stmt" count="1"/>
      <line num="601" type="stmt" count="1"/>
      <line num="602" type="stmt" count="1"/>
      <line num="604" type="stmt" count="1"/>
      <line num="605" type="stmt" count="1"/>
      <line num="606" type="stmt" count="1"/>
      <line num="607" type="stmt" count="1"/>
      <line num="608" type="stmt" count="1"/>
      <line num="609" type="stmt" count="1"/>
      <line num="610" type="stmt" count="1"/>
      <line num="611" type="stmt" count="1"/>
      <line num="612" type="stmt" count="1"/>
      <line num="616" type="stmt" count="1"/>
      <line num="617" type="stmt" count="0"/>
      <line num="618" type="stmt" count="0"/>
      <line num="619" type="stmt" count="1"/>
      <line num="620" type="stmt" count="1"/>
      <line num="621" type="stmt" count="1"/>
      <line num="622" type="stmt" count="0"/>
      <line num="623" type="stmt" count="0"/>
      <line num="624" type="stmt" count="0"/>
      <line num="626" type="stmt" count="0"/>
      <line num="630" type="stmt" count="1"/>
      <line num="631" type="stmt" count="1"/>
      <line num="632" type="stmt" count="0"/>
      <line num="633" type="stmt" count="0"/>
      <line num="634" type="stmt" count="0"/>
      <line num="636" type="stmt" count="0"/>
      <line num="637" type="stmt" count="0"/>
      <line num="638" type="stmt" count="0"/>
      <line num="639" type="stmt" count="0"/>
      <line num="640" type="stmt" count="0"/>
      <line num="642" type="stmt" count="0"/>
      <line num="646" type="stmt" count="1"/>
      <line num="649" type="stmt" count="1"/>
      <line num="650" type="stmt" count="1"/>
      <line num="652" type="stmt" count="1"/>
      <line num="660" type="method" name="parseFromFile" visibility="public" complexity="1" crap="2" count="0"/>
      <line num="662" type="stmt" count="0"/>
      <line num="663" type="stmt" count="0"/>
      <line num="664" type="stmt" count="0"/>
      <metrics loc="667" ncloc="504" classes="1" methods="25" coveredmethods="9" conditionals="0" coveredconditionals="0" statements="346" coveredstatements="166" elements="371" coveredelements="175"/>
    </file>
    <metrics files="1" loc="667" ncloc="504" classes="1" methods="25" coveredmethods="9" conditionals="0" coveredconditionals="0" statements="346" coveredstatements="166" elements="371" coveredelements="175"/>
  </project>
</coverage>
